<?xml version="1.0" encoding="UTF-8"?>
<!-- Generated by org.testng.reporters.JUnitReportReporter -->
<testsuite hostname="DESKTOP-55PNNHV" failures="0" tests="1" name="project_1_testcase_classes.Testcase_7_PRD" time="53.830" errors="0" timestamp="2024-07-14T22:39:31 IST" skipped="0">
  <testcase classname="project_1_testcase_classes.Testcase_7_PRD" name="Product_reviewpage" time="53.830"/>
  <system-out/>
</testsuite> <!-- project_1_testcase_classes.Testcase_7_PRD -->
