<?xml version="1.0" encoding="UTF-8"?>
<!-- Generated by org.testng.reporters.JUnitReportReporter -->
<testsuite hostname="DESKTOP-55PNNHV" failures="0" tests="1" name="project_1_testcase_classes.TestCase_9_ShoppingCart" time="40.521" errors="0" timestamp="2024-07-19T16:03:02 IST" skipped="0">
  <testcase classname="project_1_testcase_classes.TestCase_9_ShoppingCart" name="Additemstocart" time="40.521"/>
  <system-out>
    <![CDATA[Test case Pass]]>
  </system-out>
</testsuite> <!-- project_1_testcase_classes.TestCase_9_ShoppingCart -->
