<?xml version="1.0" encoding="UTF-8"?>
<!-- Generated by org.testng.reporters.JUnitReportReporter -->
<testsuite hostname="DESKTOP-55PNNHV" failures="0" tests="1" name="project_1_testcase_classes.Testcase1_New_User_reg_page" time="7.359" errors="0" timestamp="2024-07-22T23:06:34 IST" skipped="0">
  <testcase classname="project_1_testcase_classes.Testcase1_New_User_reg_page" name="Createaccount" time="7.359"/>
  <system-out>
    <![CDATA[Test case Pass]]>
  </system-out>
</testsuite> <!-- project_1_testcase_classes.Testcase1_New_User_reg_page -->
