<?xml version="1.0" encoding="UTF-8"?>
<!-- Generated by org.testng.reporters.JUnitReportReporter -->
<testsuite hostname="DESKTOP-55PNNHV" failures="0" tests="1" name="project_1_testcase_classes.Testcase_4_manageprofile" time="43.888" errors="0" timestamp="2024-07-14T21:43:03 IST" skipped="0">
  <testcase classname="project_1_testcase_classes.Testcase_4_manageprofile" name="Manage_Profile" time="43.888"/>
  <system-out>
    <![CDATA[Test case Pass]]>
  </system-out>
</testsuite> <!-- project_1_testcase_classes.Testcase_4_manageprofile -->
