<?xml version="1.0" encoding="UTF-8"?>
<!-- Generated by org.testng.reporters.JUnitReportReporter -->
<testsuite hostname="DESKTOP-55PNNHV" failures="0" tests="1" name="project_1_testcase_classes.Testcase_5__Searching_prod_page" time="29.002" errors="0" timestamp="2024-07-15T14:52:42 IST" skipped="0">
  <testcase classname="project_1_testcase_classes.Testcase_5__Searching_prod_page" name="search_page" time="29.002"/>
  <system-out>
    <![CDATA[Test case Pass]]>
  </system-out>
</testsuite> <!-- project_1_testcase_classes.Testcase_5__Searching_prod_page -->
