<?xml version="1.0" encoding="UTF-8"?>
<!-- Generated by org.testng.reporters.JUnitReportReporter -->
<testsuite hostname="DESKTOP-55PNNHV" failures="0" tests="1" name="project_1_testcase_classes.Testcase_3_invlalid_login_page" time="39.683" errors="0" timestamp="2024-07-22T23:10:17 IST" skipped="0">
  <testcase classname="project_1_testcase_classes.Testcase_3_invlalid_login_page" name="Invalidcred" time="39.683">
    <system-out>
      <![CDATA[Test case Pass]]>
    </system-out>
  </testcase> <!-- Invalidcred -->
  <system-out>
    <![CDATA[Test case Pass
Test case Pass]]>
  </system-out>
</testsuite> <!-- project_1_testcase_classes.Testcase_3_invlalid_login_page -->
